<?xml version="1.0" encoding="UTF-8"?>
<testsuite xmlns:xsi="http://www.w3.org/2001/XMLSchema-instance" xsi:noNamespaceSchemaLocation="https://maven.apache.org/surefire/maven-surefire-plugin/xsd/surefire-test-report-3.0.xsd" version="3.0" name="com.techie.microservices.inventory.InventoryServiceApplicationTests" time="83.741" tests="1" errors="0" skipped="0" failures="0">
  <properties>
[...]
</properties>
  <testcase name="contextLoads" classname="com.techie.microservices.inventory.InventoryServiceApplicationTests" time="1.069">
    <system-out><![CDATA[21:06:05.486 [main] INFO org.springframework.test.context.support.AnnotationConfigContextLoaderUtils -- Could not detect default configuration classes for test class [com.techie.microservices.inventory.InventoryServiceApplicationTests]: InventoryServiceApplicationTests does not declare any static, non-private, non-final, nested classes annotated with @Configuration.
21:06:05.762 [main] INFO org.springframework.boot.test.context.SpringBootTestContextBootstrapper -- Found @SpringBootConfiguration com.techie.microservices.inventory.InventoryServiceApplication for test class com.techie.microservices.inventory.InventoryServiceApplicationTests

  .   ____          _            __ _ _
 /\\ / ___'_ __ _ _(_)_ __  __ _ \ \ \ \
( ( )\___ | '_ | '_| | '_ \/ _` | \ \ \ \
 \\/  ___)| |_)| | | | | || (_| |  ) ) ) )
  '  |____| .__|_| |_|_| |_\__, | / / / /
 =========|_|==============|___/=/_/_/_/
 :: Spring Boot ::                (v3.2.4)

2025-01-03T21:06:06.821+05:30  INFO 13340 --- [inventory-service] [           main] c.t.m.i.InventoryServiceApplicationTests : Starting InventoryServiceApplicationTests using Java 22.0.1 with PID 13340 (started by harsh in C:\Users\harsh\Desktop\PROGRAMMING TECHIE\inventory-service)
2025-01-03T21:06:06.826+05:30  INFO 13340 --- [inventory-service] [           main] c.t.m.i.InventoryServiceApplicationTests : No active profile set, falling back to 1 default profile: "default"
2025-01-03T21:06:08.225+05:30  INFO 13340 --- [inventory-service] [           main] .s.d.r.c.RepositoryConfigurationDelegate : Bootstrapping Spring Data JPA repositories in DEFAULT mode.
2025-01-03T21:06:08.332+05:30  INFO 13340 --- [inventory-service] [           main] .s.d.r.c.RepositoryConfigurationDelegate : Finished Spring Data repository scanning in 93 ms. Found 1 JPA repository interface.
2025-01-03T21:06:09.297+05:30  INFO 13340 --- [inventory-service] [           main] org.testcontainers.images.PullPolicy     : Image pull policy will be performed by: DefaultPullPolicy()
2025-01-03T21:06:09.307+05:30  INFO 13340 --- [inventory-service] [           main] o.t.utility.ImageNameSubstitutor         : Image name substitution will be performed by: DefaultImageNameSubstitutor (composite of 'ConfigurationFileImageNameSubstitutor' and 'PrefixingImageNameSubstitutor')
2025-01-03T21:06:09.947+05:30  INFO 13340 --- [inventory-service] [           main] o.t.d.DockerClientProviderStrategy       : Loaded org.testcontainers.dockerclient.NpipeSocketClientProviderStrategy from ~/.testcontainers.properties, will try it first
2025-01-03T21:06:10.624+05:30  INFO 13340 --- [inventory-service] [           main] o.t.d.DockerClientProviderStrategy       : Found Docker environment with local Npipe socket (npipe:////./pipe/docker_engine)
2025-01-03T21:06:10.626+05:30  INFO 13340 --- [inventory-service] [           main] org.testcontainers.DockerClientFactory   : Docker host IP address is localhost
2025-01-03T21:06:10.669+05:30  INFO 13340 --- [inventory-service] [           main] org.testcontainers.DockerClientFactory   : Connected to docker: 
  Server Version: 27.3.1
  API Version: 1.47
  Operating System: Docker Desktop
  Total Memory: 7613 MB
2025-01-03T21:06:10.958+05:30  INFO 13340 --- [inventory-service] [           main] tc.testcontainers/ryuk:0.6.0             : Creating container for image: testcontainers/ryuk:0.6.0
2025-01-03T21:06:11.587+05:30  INFO 13340 --- [inventory-service] [           main] tc.testcontainers/ryuk:0.6.0             : Container testcontainers/ryuk:0.6.0 is starting: e8112ab90783befbb8d8ab1d79a247c54869b9faf2f8e0821edf6e04c73497d0
2025-01-03T21:06:12.860+05:30  INFO 13340 --- [inventory-service] [           main] tc.testcontainers/ryuk:0.6.0             : Container testcontainers/ryuk:0.6.0 started in PT1.9022381S
2025-01-03T21:06:12.890+05:30  INFO 13340 --- [inventory-service] [           main] o.t.utility.RyukResourceReaper           : Ryuk started - will monitor and terminate Testcontainers containers on JVM exit
2025-01-03T21:06:12.891+05:30  INFO 13340 --- [inventory-service] [           main] org.testcontainers.DockerClientFactory   : Checking the system...
2025-01-03T21:06:12.893+05:30  INFO 13340 --- [inventory-service] [           main] org.testcontainers.DockerClientFactory   : ✔︎ Docker server version should be at least 1.6.0
2025-01-03T21:06:12.981+05:30  INFO 13340 --- [inventory-service] [           main] tc.mysql:latest                          : Pulling docker image: mysql:latest. Please be patient; this may take some time but only needs to be done once.
2025-01-03T21:06:17.371+05:30  INFO 13340 --- [inventory-service] [eam--2072899731] tc.mysql:latest                          : Starting to pull image
2025-01-03T21:06:17.410+05:30  INFO 13340 --- [inventory-service] [eam--2072899731] tc.mysql:latest                          : Pulling image layers:  0 pending,  0 downloaded,  0 extracted, (0 bytes/0 bytes)
2025-01-03T21:06:19.072+05:30  INFO 13340 --- [inventory-service] [eam--2072899731] tc.mysql:latest                          : Pulling image layers:  8 pending,  1 downloaded,  0 extracted, (0 bytes/? MB)
2025-01-03T21:06:19.871+05:30  INFO 13340 --- [inventory-service] [eam--2072899731] tc.mysql:latest                          : Pulling image layers:  7 pending,  2 downloaded,  0 extracted, (0 bytes/? MB)
2025-01-03T21:06:19.874+05:30  INFO 13340 --- [inventory-service] [eam--2072899731] tc.mysql:latest                          : Pulling image layers:  6 pending,  3 downloaded,  0 extracted, (0 bytes/? MB)
2025-01-03T21:06:19.875+05:30  INFO 13340 --- [inventory-service] [eam--2072899731] tc.mysql:latest                          : Pulling image layers:  5 pending,  4 downloaded,  0 extracted, (0 bytes/? MB)
2025-01-03T21:06:21.372+05:30  INFO 13340 --- [inventory-service] [eam--2072899731] tc.mysql:latest                          : Pulling image layers:  4 pending,  5 downloaded,  0 extracted, (8 MB/? MB)
2025-01-03T21:06:25.472+05:30  INFO 13340 --- [inventory-service] [eam--2072899731] tc.mysql:latest                          : Pulling image layers:  3 pending,  6 downloaded,  0 extracted, (36 MB/? MB)
2025-01-03T21:06:34.170+05:30  INFO 13340 --- [inventory-service] [eam--2072899731] tc.mysql:latest                          : Pulling image layers:  2 pending,  7 downloaded,  0 extracted, (92 MB/? MB)
2025-01-03T21:06:39.570+05:30  INFO 13340 --- [inventory-service] [eam--2072899731] tc.mysql:latest                          : Pulling image layers:  1 pending,  8 downloaded,  0 extracted, (117 MB/? MB)
2025-01-03T21:06:55.315+05:30  INFO 13340 --- [inventory-service] [           main] tc.mysql:latest                          : Image mysql:latest pull took PT42.3309968S
2025-01-03T21:06:55.315+05:30  INFO 13340 --- [inventory-service] [eam--2072899731] tc.mysql:latest                          : Pull complete. 9 layers, pulled in 37s (downloaded 117 MB at 3 MB/s)
2025-01-03T21:06:55.446+05:30  INFO 13340 --- [inventory-service] [           main] tc.mysql:latest                          : Creating container for image: mysql:latest
2025-01-03T21:06:57.243+05:30  INFO 13340 --- [inventory-service] [           main] tc.mysql:latest                          : Container mysql:latest is starting: 00f7df4b5476fe3d163186bec28db3bda7956a77fe8346f09db13d805d5696e3
2025-01-03T21:06:58.248+05:30  INFO 13340 --- [inventory-service] [           main] tc.mysql:latest                          : Waiting for database connection to become available at jdbc:mysql://localhost:8876/test using query 'SELECT 1'
2025-01-03T21:07:21.079+05:30  INFO 13340 --- [inventory-service] [           main] tc.mysql:latest                          : Container mysql:latest started in PT25.6334232S
2025-01-03T21:07:21.079+05:30  INFO 13340 --- [inventory-service] [           main] tc.mysql:latest                          : Container is started (JDBC URL: jdbc:mysql://localhost:8876/test)
2025-01-03T21:07:21.887+05:30  INFO 13340 --- [inventory-service] [           main] o.f.c.internal.license.VersionPrinter    : Flyway Community Edition 9.22.3 by Redgate
2025-01-03T21:07:21.888+05:30  INFO 13340 --- [inventory-service] [           main] o.f.c.internal.license.VersionPrinter    : See release notes here: https://rd.gt/416ObMi
2025-01-03T21:07:21.888+05:30  INFO 13340 --- [inventory-service] [           main] o.f.c.internal.license.VersionPrinter    : 
2025-01-03T21:07:21.998+05:30  INFO 13340 --- [inventory-service] [           main] org.flywaydb.core.FlywayExecutor         : Database: jdbc:mysql://localhost:8876/test (MySQL 9.1)
2025-01-03T21:07:22.077+05:30  WARN 13340 --- [inventory-service] [           main] o.f.c.internal.database.base.Database    : Flyway upgrade recommended: MySQL 9.1 is newer than this version of Flyway and support has not been tested. The latest supported version of MySQL is 8.0.
2025-01-03T21:07:22.148+05:30  INFO 13340 --- [inventory-service] [           main] o.f.c.i.s.JdbcTableSchemaHistory         : Schema history table `test`.`flyway_schema_history` does not exist yet
2025-01-03T21:07:22.159+05:30  INFO 13340 --- [inventory-service] [           main] o.f.core.internal.command.DbValidate     : Successfully validated 2 migrations (execution time 00:00.052s)
2025-01-03T21:07:22.233+05:30  INFO 13340 --- [inventory-service] [           main] o.f.c.i.s.JdbcTableSchemaHistory         : Creating Schema History table `test`.`flyway_schema_history` ...
2025-01-03T21:07:22.412+05:30  INFO 13340 --- [inventory-service] [           main] o.f.core.internal.command.DbMigrate      : Current version of schema `test`: << Empty Schema >>
2025-01-03T21:07:22.430+05:30  INFO 13340 --- [inventory-service] [           main] o.f.core.internal.command.DbMigrate      : Migrating schema `test` to version "1 - init"
2025-01-03T21:07:22.484+05:30  WARN 13340 --- [inventory-service] [           main] o.f.c.i.s.DefaultSqlScriptExecutor       : DB: Integer display width is deprecated and will be removed in a future release. (SQL State: HY000 - Error Code: 1681)
2025-01-03T21:07:22.485+05:30  WARN 13340 --- [inventory-service] [           main] o.f.c.i.s.DefaultSqlScriptExecutor       : DB: Integer display width is deprecated and will be removed in a future release. (SQL State: HY000 - Error Code: 1681)
2025-01-03T21:07:22.564+05:30  INFO 13340 --- [inventory-service] [           main] o.f.core.internal.command.DbMigrate      : Migrating schema `test` to version "2 - add inventory"
2025-01-03T21:07:22.641+05:30  INFO 13340 --- [inventory-service] [           main] o.f.core.internal.command.DbMigrate      : Successfully applied 2 migrations to schema `test`, now at version v2 (execution time 00:00.080s)
2025-01-03T21:07:22.875+05:30  INFO 13340 --- [inventory-service] [           main] o.hibernate.jpa.internal.util.LogHelper  : HHH000204: Processing PersistenceUnitInfo [name: default]
2025-01-03T21:07:23.058+05:30  INFO 13340 --- [inventory-service] [           main] org.hibernate.Version                    : HHH000412: Hibernate ORM core version 6.4.4.Final
2025-01-03T21:07:23.146+05:30  INFO 13340 --- [inventory-service] [           main] o.h.c.internal.RegionFactoryInitiator    : HHH000026: Second-level cache disabled
2025-01-03T21:07:23.731+05:30  INFO 13340 --- [inventory-service] [           main] o.s.o.j.p.SpringPersistenceUnitInfo      : No LoadTimeWeaver setup: ignoring JPA class transformer
2025-01-03T21:07:23.799+05:30  INFO 13340 --- [inventory-service] [           main] com.zaxxer.hikari.HikariDataSource       : HikariPool-1 - Starting...
2025-01-03T21:07:23.866+05:30  INFO 13340 --- [inventory-service] [           main] com.zaxxer.hikari.pool.HikariPool        : HikariPool-1 - Added connection com.mysql.cj.jdbc.ConnectionImpl@39403943
2025-01-03T21:07:23.869+05:30  INFO 13340 --- [inventory-service] [           main] com.zaxxer.hikari.HikariDataSource       : HikariPool-1 - Start completed.
2025-01-03T21:07:25.882+05:30  INFO 13340 --- [inventory-service] [           main] o.h.e.t.j.p.i.JtaPlatformInitiator       : HHH000489: No JTA platform available (set 'hibernate.transaction.jta.platform' to enable JTA platform integration)
2025-01-03T21:07:25.888+05:30  INFO 13340 --- [inventory-service] [           main] j.LocalContainerEntityManagerFactoryBean : Initialized JPA EntityManagerFactory for persistence unit 'default'
2025-01-03T21:07:26.848+05:30  WARN 13340 --- [inventory-service] [           main] JpaBaseConfiguration$JpaWebConfiguration : spring.jpa.open-in-view is enabled by default. Therefore, database queries may be performed during view rendering. Explicitly configure spring.jpa.open-in-view to disable this warning
2025-01-03T21:07:27.681+05:30  INFO 13340 --- [inventory-service] [           main] c.t.m.i.InventoryServiceApplicationTests : Started InventoryServiceApplicationTests in 81.561 seconds (process running for 83.917)
]]></system-out>
    <system-err><![CDATA[WARNING: A Java agent has been loaded dynamically (C:\Users\harsh\.m2\repository\net\bytebuddy\byte-buddy-agent\1.14.12\byte-buddy-agent-1.14.12.jar)
WARNING: If a serviceability tool is in use, please run with -XX:+EnableDynamicAgentLoading to hide this warning
WARNING: If a serviceability tool is not in use, please run with -Djdk.instrument.traceUsage for more information
WARNING: Dynamic loading of agents will be disallowed by default in a future release
]]></system-err>
  </testcase>
</testsuite>